TN:
SF:src/assets/flags/mastercard.svg
FN:1,Object.<anonymous>
FNF:1
FNH:1
FNDA:6,Object.<anonymous>
DA:1,1
LF:1
LH:1
BRDA:1,0,0,6
BRDA:1,1,0,6
BRF:2
BRH:2
end_of_record
TN:
SF:src/assets/flags/pix.svg
FN:1,Object.<anonymous>
FNF:1
FNH:1
FNDA:6,Object.<anonymous>
DA:1,1
LF:1
LH:1
BRDA:1,0,0,6
BRDA:1,1,0,6
BRF:2
BRH:2
end_of_record
TN:
SF:src/components/HeaderPage/index.tsx
FN:9,HeaderPage
FNF:1
FNH:1
FNDA:4,HeaderPage
DA:1,1
DA:2,1
DA:3,1
DA:4,1
DA:5,1
DA:6,1
DA:7,1
DA:8,1
DA:9,1
DA:10,4
DA:11,4
DA:12,4
DA:13,4
DA:14,4
DA:15,4
DA:16,4
DA:17,4
DA:18,4
DA:19,4
DA:20,4
DA:21,4
DA:22,4
DA:23,4
DA:24,4
DA:25,4
DA:26,4
DA:27,4
DA:28,4
DA:29,4
DA:30,4
DA:31,4
DA:32,4
LF:32
LH:32
BRDA:9,0,0,4
BRF:1
BRH:1
end_of_record
TN:
SF:src/components/InformationSectionSales/index.tsx
FN:12,InformationSectionSales
FNF:1
FNH:1
FNDA:6,InformationSectionSales
DA:1,1
DA:2,1
DA:3,1
DA:4,1
DA:5,1
DA:6,1
DA:7,1
DA:8,1
DA:9,1
DA:10,1
DA:11,1
DA:12,1
DA:13,6
DA:14,6
DA:15,6
DA:16,6
DA:17,6
DA:18,6
DA:19,6
DA:20,6
DA:21,6
DA:22,6
DA:23,6
DA:24,6
DA:25,6
DA:26,6
DA:27,6
DA:28,6
DA:29,6
DA:30,6
DA:31,6
DA:32,6
DA:33,6
DA:34,6
DA:35,6
DA:36,6
DA:37,6
DA:38,6
DA:39,6
DA:40,6
DA:41,6
DA:42,6
DA:43,6
DA:44,6
DA:45,6
DA:46,6
DA:47,6
DA:48,6
DA:49,6
DA:50,6
DA:51,6
DA:52,6
DA:53,6
DA:54,6
DA:55,6
DA:56,6
DA:57,6
DA:58,6
DA:59,6
DA:60,6
DA:61,6
DA:62,6
DA:63,6
DA:64,6
DA:65,6
DA:66,6
DA:67,6
LF:67
LH:67
BRDA:12,0,0,6
BRF:1
BRH:1
end_of_record
TN:
SF:src/components/Loading/index.tsx
FN:8,Loading
FN:16,zIndex
FNF:2
FNH:2
FNDA:4,Loading
FNDA:4,zIndex
DA:1,1
DA:2,1
DA:3,1
DA:4,1
DA:5,1
DA:6,1
DA:7,1
DA:8,1
DA:9,4
DA:10,2
DA:11,2
DA:12,2
DA:13,2
DA:14,2
DA:15,2
DA:16,2
DA:17,2
DA:18,2
DA:19,2
DA:20,2
DA:21,2
DA:22,2
DA:23,2
DA:24,2
LF:24
LH:24
BRDA:8,0,0,4
BRDA:9,1,0,2
BRDA:16,2,0,4
BRF:3
BRH:3
end_of_record
TN:
SF:src/components/TableSales/index.tsx
FN:28,TableSales
FNF:1
FNH:1
FNDA:4,TableSales
DA:1,1
DA:2,1
DA:3,1
DA:4,1
DA:5,1
DA:6,1
DA:7,1
DA:8,1
DA:9,1
DA:10,1
DA:11,1
DA:12,1
DA:13,1
DA:14,1
DA:15,1
DA:16,1
DA:17,1
DA:18,1
DA:19,1
DA:20,1
DA:21,1
DA:22,1
DA:23,1
DA:24,1
DA:25,1
DA:26,1
DA:27,1
DA:28,1
DA:29,4
DA:30,4
DA:31,4
DA:32,4
DA:33,4
DA:34,4
DA:35,3
DA:36,3
DA:37,3
DA:38,3
DA:39,3
DA:40,3
DA:41,3
DA:42,3
DA:43,3
DA:44,3
DA:45,3
DA:46,3
DA:47,3
DA:48,3
DA:49,3
DA:50,1
DA:51,1
DA:52,1
DA:53,1
DA:54,1
DA:55,1
DA:56,1
DA:57,1
DA:58,1
DA:59,1
DA:60,1
DA:61,1
DA:62,1
DA:63,1
DA:64,1
DA:65,1
DA:66,1
DA:67,1
DA:68,1
DA:69,1
DA:70,1
DA:71,1
DA:72,1
DA:73,1
DA:74,1
DA:75,1
DA:76,1
DA:77,1
DA:78,1
DA:79,1
DA:80,1
DA:81,1
DA:82,1
DA:83,1
DA:84,1
DA:85,1
DA:86,9
DA:87,1
DA:88,1
DA:89,1
DA:90,1
DA:91,1
DA:92,1
DA:93,1
DA:94,1
DA:95,1
DA:96,1
LF:96
LH:96
BRDA:28,0,0,4
BRDA:34,1,0,3
BRDA:49,2,0,1
BRDA:52,3,0,1
BRDA:52,4,0,2
BRDA:85,5,0,9
BRF:6
BRH:6
end_of_record
TN:
SF:src/components/TableSales/componentes/Row/index.tsx
FN:16,Row
FN:26,onClick
FNF:2
FNH:2
FNDA:9,Row
FNDA:3,onClick
DA:1,1
DA:2,1
DA:3,1
DA:4,1
DA:5,1
DA:6,1
DA:7,1
DA:8,1
DA:9,1
DA:10,1
DA:11,1
DA:12,1
DA:13,1
DA:14,1
DA:15,1
DA:16,1
DA:17,9
DA:18,9
DA:19,9
DA:20,9
DA:21,9
DA:22,9
DA:23,9
DA:24,9
DA:25,9
DA:26,9
DA:27,3
DA:28,3
DA:29,9
DA:30,9
DA:31,2
DA:32,7
DA:33,7
DA:34,9
DA:35,9
DA:36,9
DA:37,9
DA:38,9
DA:39,9
DA:40,9
DA:41,9
DA:42,9
DA:43,9
DA:44,9
DA:45,9
DA:46,9
DA:47,9
DA:48,9
DA:49,9
DA:50,9
DA:51,9
DA:52,9
DA:53,9
DA:54,9
LF:54
LH:54
BRDA:16,0,0,9
BRDA:30,1,0,2
BRDA:32,2,0,7
BRDA:26,3,0,3
BRF:4
BRH:4
end_of_record
TN:
SF:src/components/TableSales/componentes/SelectOrderTable/index.tsx
FN:19,SelectOrderTable
FNF:1
FNH:1
FNDA:2,SelectOrderTable
DA:1,1
DA:2,1
DA:3,1
DA:4,1
DA:5,1
DA:6,1
DA:7,1
DA:8,1
DA:9,1
DA:10,1
DA:11,1
DA:12,1
DA:13,1
DA:14,1
DA:15,1
DA:16,1
DA:17,1
DA:18,1
DA:19,1
DA:20,2
DA:21,2
DA:22,2
DA:23,2
DA:24,2
DA:25,2
DA:26,2
DA:27,2
DA:28,2
DA:29,2
DA:30,2
DA:31,2
DA:32,2
DA:33,2
DA:34,2
DA:35,2
DA:36,2
DA:37,2
DA:38,2
DA:39,2
DA:40,2
DA:41,2
DA:42,2
DA:43,2
DA:44,2
DA:45,2
DA:46,2
DA:47,2
DA:48,2
DA:49,2
DA:50,2
DA:51,2
DA:52,2
DA:53,2
DA:54,2
DA:55,2
DA:56,18
DA:57,18
DA:58,18
DA:59,2
DA:60,2
DA:61,2
DA:62,2
DA:63,2
LF:63
LH:63
BRDA:19,0,0,2
BRDA:55,1,0,18
BRF:2
BRH:2
end_of_record
TN:
SF:src/components/TableSales/componentes/TableSalesTitle/index.tsx
FN:10,TableSalesTitle
FNF:1
FNH:1
FNDA:5,TableSalesTitle
DA:1,1
DA:2,1
DA:3,1
DA:4,1
DA:5,1
DA:6,1
DA:7,1
DA:8,1
DA:9,1
DA:10,1
DA:11,5
DA:12,5
DA:13,5
DA:14,5
DA:15,5
DA:16,5
DA:17,5
DA:18,5
DA:19,5
DA:20,5
DA:21,5
DA:22,5
DA:23,5
DA:24,5
DA:25,5
DA:26,5
DA:27,5
DA:28,5
DA:29,5
DA:30,5
DA:31,5
DA:32,5
DA:33,5
DA:34,5
DA:35,5
LF:35
LH:35
BRDA:10,0,0,5
BRF:1
BRH:1
end_of_record
TN:
SF:src/components/TableSales/componentes/TransactionDetails/index.tsx
FN:16,TransactionDetails
FNF:1
FNH:1
FNDA:9,TransactionDetails
DA:1,1
DA:2,1
DA:3,1
DA:4,1
DA:5,1
DA:6,1
DA:7,1
DA:8,1
DA:9,1
DA:10,1
DA:11,1
DA:12,1
DA:13,1
DA:14,1
DA:15,1
DA:16,1
DA:17,9
DA:18,9
DA:19,9
DA:20,9
DA:21,9
DA:22,9
DA:23,9
DA:24,9
DA:25,9
DA:26,9
DA:27,9
DA:28,9
DA:29,9
DA:30,9
DA:31,9
DA:32,9
DA:33,9
DA:34,9
DA:35,9
DA:36,9
DA:37,9
DA:38,9
DA:39,9
DA:40,9
DA:41,9
DA:42,9
DA:43,9
DA:44,9
DA:45,9
DA:46,9
DA:47,9
DA:48,9
DA:49,9
DA:50,9
DA:51,9
DA:52,9
DA:53,9
DA:54,9
DA:55,9
DA:56,9
DA:57,9
DA:58,9
DA:59,9
DA:60,9
DA:61,9
DA:62,9
DA:63,9
DA:64,9
DA:65,9
DA:66,9
DA:67,9
DA:68,9
DA:69,9
DA:70,9
DA:71,9
DA:72,9
DA:73,9
DA:74,9
LF:74
LH:74
BRDA:16,0,0,9
BRF:1
BRH:1
end_of_record
TN:
SF:src/components/TableSales/componentes/TransactionDetails/components/CarrierDate/index.tsx
FN:8,CarrierDate
FNF:1
FNH:1
FNDA:3,CarrierDate
DA:1,1
DA:2,1
DA:3,1
DA:4,1
DA:5,1
DA:6,1
DA:7,1
DA:8,1
DA:9,3
DA:10,3
DA:11,3
DA:12,3
DA:13,3
DA:14,3
DA:15,3
DA:16,3
DA:17,3
DA:18,3
DA:19,3
DA:20,3
DA:21,3
DA:22,3
DA:23,3
DA:24,3
DA:25,3
DA:26,3
DA:27,3
DA:28,3
DA:29,3
DA:30,3
DA:31,3
DA:32,3
DA:33,3
DA:34,3
DA:35,3
DA:36,3
DA:37,3
DA:38,3
DA:39,3
DA:40,3
DA:41,3
DA:42,3
DA:43,3
DA:44,3
LF:44
LH:44
BRDA:8,0,0,3
BRF:1
BRH:1
end_of_record
TN:
SF:src/components/TableSales/componentes/TransactionDetails/components/HeaderTransactionDetails/index.tsx
FN:4,HeaderTransactionDetails
FNF:1
FNH:1
FNDA:3,HeaderTransactionDetails
DA:1,1
DA:2,1
DA:3,1
DA:4,1
DA:5,3
DA:6,3
DA:7,3
DA:8,3
DA:9,3
DA:10,3
DA:11,3
DA:12,3
DA:13,3
DA:14,3
DA:15,3
DA:16,3
DA:17,3
DA:18,3
DA:19,3
DA:20,3
DA:21,3
DA:22,3
DA:23,3
DA:24,3
DA:25,3
DA:26,3
DA:27,3
LF:27
LH:27
BRDA:4,0,0,3
BRF:1
BRH:1
end_of_record
TN:
SF:src/components/TableSales/componentes/TransactionDetails/components/PaymentDetails/index.tsx
FN:8,PaymentDetails
FNF:1
FNH:1
FNDA:3,PaymentDetails
DA:1,1
DA:2,1
DA:3,1
DA:4,1
DA:5,1
DA:6,1
DA:7,1
DA:8,1
DA:9,3
DA:10,3
DA:11,3
DA:12,3
DA:13,3
DA:14,3
DA:15,3
DA:16,3
DA:17,3
DA:18,3
DA:19,3
DA:20,3
DA:21,3
DA:22,3
DA:23,3
DA:24,3
DA:25,3
DA:26,3
DA:27,3
DA:28,3
DA:29,3
DA:30,3
DA:31,3
DA:32,3
DA:33,3
DA:34,3
DA:35,3
DA:36,3
DA:37,3
DA:38,3
DA:39,3
DA:40,3
DA:41,3
DA:42,3
DA:43,3
DA:44,3
LF:44
LH:44
BRDA:8,0,0,3
BRF:1
BRH:1
end_of_record
TN:
SF:src/components/TableSales/componentes/TransactionDetails/components/SaleIdentifiers/index.tsx
FN:11,SaleIdentifiers
FNF:1
FNH:1
FNDA:3,SaleIdentifiers
DA:1,1
DA:2,1
DA:3,1
DA:4,1
DA:5,1
DA:6,1
DA:7,1
DA:8,1
DA:9,1
DA:10,1
DA:11,1
DA:12,3
DA:13,3
DA:14,3
DA:15,3
DA:16,3
DA:17,3
DA:18,3
DA:19,3
DA:20,3
DA:21,3
DA:22,3
DA:23,3
DA:24,3
DA:25,3
DA:26,3
DA:27,3
DA:28,3
DA:29,3
DA:30,3
DA:31,3
DA:32,3
DA:33,3
DA:34,3
DA:35,3
DA:36,3
DA:37,3
DA:38,3
DA:39,3
DA:40,3
DA:41,3
DA:42,3
DA:43,3
DA:44,3
DA:45,3
DA:46,3
DA:47,3
DA:48,3
DA:49,3
DA:50,3
DA:51,3
DA:52,3
DA:53,3
DA:54,3
DA:55,3
DA:56,3
DA:57,3
DA:58,3
DA:59,3
DA:60,3
DA:61,3
DA:62,3
DA:63,3
DA:64,3
DA:65,3
DA:66,3
DA:67,3
DA:68,3
DA:69,3
DA:70,3
DA:71,3
DA:72,3
DA:73,3
DA:74,3
DA:75,3
DA:76,3
DA:77,3
DA:78,3
DA:79,3
DA:80,3
DA:81,3
DA:82,3
DA:83,3
DA:84,3
DA:85,3
DA:86,3
DA:87,3
DA:88,3
DA:89,3
DA:90,3
DA:91,3
DA:92,3
DA:93,3
DA:94,3
DA:95,3
DA:96,3
LF:96
LH:96
BRDA:11,0,0,3
BRF:1
BRH:1
end_of_record
TN:
SF:src/components/TableSales/componentes/TransactionDetails/components/SalesData/index.tsx
FN:13,SalesData
FNF:1
FNH:1
FNDA:3,SalesData
DA:1,1
DA:2,1
DA:3,1
DA:4,1
DA:5,1
DA:6,1
DA:7,1
DA:8,1
DA:9,1
DA:10,1
DA:11,1
DA:12,1
DA:13,1
DA:14,3
DA:15,3
DA:16,3
DA:17,3
DA:18,3
DA:19,3
DA:20,3
DA:21,3
DA:22,3
DA:23,3
DA:24,3
DA:25,3
DA:26,3
DA:27,3
DA:28,3
DA:29,3
DA:30,3
DA:31,3
DA:32,3
DA:33,3
DA:34,3
DA:35,3
DA:36,3
DA:37,3
DA:38,3
DA:39,3
DA:40,3
DA:41,3
DA:42,3
DA:43,3
DA:44,3
DA:45,3
DA:46,3
DA:47,3
DA:48,3
DA:49,3
DA:50,3
DA:51,3
DA:52,3
DA:53,3
DA:54,3
DA:55,3
DA:56,3
DA:57,3
DA:58,3
DA:59,3
DA:60,3
DA:61,3
DA:62,3
DA:63,3
DA:64,3
DA:65,3
DA:66,3
DA:67,3
DA:68,3
DA:69,3
DA:70,3
DA:71,3
DA:72,3
DA:73,3
DA:74,3
DA:75,3
DA:76,3
DA:77,3
DA:78,3
DA:79,3
DA:80,3
DA:81,3
DA:82,3
DA:83,3
DA:84,3
DA:85,3
DA:86,3
DA:87,3
DA:88,3
DA:89,3
DA:90,3
DA:91,3
DA:92,3
DA:93,3
DA:94,3
DA:95,3
DA:96,3
DA:97,3
DA:98,3
DA:99,3
DA:100,3
DA:101,3
DA:102,3
DA:103,3
DA:104,3
DA:105,3
DA:106,3
DA:107,3
DA:108,3
DA:109,3
DA:110,3
DA:111,3
DA:112,3
DA:113,3
DA:114,3
DA:115,3
DA:116,3
DA:117,3
DA:118,3
DA:119,3
DA:120,3
DA:121,3
DA:122,3
DA:123,3
DA:124,3
DA:125,3
DA:126,3
DA:127,3
DA:128,3
DA:129,3
DA:130,3
LF:130
LH:130
BRDA:13,0,0,3
BRF:1
BRH:1
end_of_record
TN:
SF:src/data-layer/sales/main/index.ts
FN:11,getSales
FNF:1
FNH:1
FNDA:3,getSales
DA:1,1
DA:2,1
DA:3,1
DA:4,1
DA:5,1
DA:6,1
DA:7,1
DA:8,1
DA:9,1
DA:10,1
DA:11,1
DA:12,3
DA:13,3
DA:14,3
DA:15,2
DA:16,2
DA:17,1
DA:18,1
DA:19,1
DA:20,1
DA:21,1
DA:22,1
DA:23,2
DA:24,0
DA:25,0
DA:26,3
DA:27,1
LF:27
LH:25
BRDA:11,0,0,3
BRDA:11,1,0,3
BRDA:11,2,0,0
BRDA:15,3,0,2
BRDA:16,4,0,1
BRDA:23,5,0,0
BRF:6
BRH:4
end_of_record
TN:
SF:src/data-layer/sales/use_cases/format_list_sales/index.ts
FN:6,formatStatus
FN:20,formatDateAndTime
FN:27,formatFlag
FN:35,formatBrute
FN:39,formatLiquid
FN:43,formatRates
FN:48,formatDiscount
FN:52,format
FNF:8
FNH:8
FNDA:17,formatStatus
FNDA:14,formatDateAndTime
FNDA:16,formatFlag
FNDA:13,formatBrute
FNDA:13,formatLiquid
FNDA:13,formatRates
FNDA:13,formatDiscount
FNDA:2,format
DA:1,1
DA:2,1
DA:3,1
DA:4,1
DA:5,1
DA:6,1
DA:7,17
DA:8,17
DA:9,17
DA:10,17
DA:11,17
DA:12,17
DA:13,17
DA:14,17
DA:15,17
DA:16,13
DA:17,13
DA:18,13
DA:19,1
DA:20,1
DA:21,14
DA:22,14
DA:23,13
DA:24,13
DA:25,13
DA:26,1
DA:27,1
DA:28,16
DA:29,16
DA:30,16
DA:31,15
DA:32,15
DA:33,15
DA:34,1
DA:35,1
DA:36,13
DA:37,13
DA:38,1
DA:39,1
DA:40,13
DA:41,13
DA:42,1
DA:43,1
DA:44,13
DA:45,13
DA:46,13
DA:47,1
DA:48,1
DA:49,13
DA:50,13
DA:51,1
DA:52,1
DA:53,2
DA:54,12
DA:55,12
DA:56,12
DA:57,12
DA:58,12
DA:59,12
DA:60,12
DA:61,12
DA:62,12
DA:63,12
DA:64,12
DA:65,12
DA:66,12
DA:67,12
DA:68,12
DA:69,12
DA:70,12
DA:71,12
DA:72,2
DA:73,2
DA:74,1
LF:74
LH:74
BRDA:6,0,0,17
BRDA:15,1,0,4
BRDA:16,2,0,13
BRDA:20,3,0,14
BRDA:22,4,0,13
BRDA:22,5,0,1
BRDA:23,6,0,13
BRDA:27,7,0,16
BRDA:30,8,0,1
BRDA:31,9,0,15
BRDA:35,10,0,13
BRDA:39,11,0,13
BRDA:43,12,0,13
BRDA:48,13,0,13
BRDA:52,14,0,2
BRDA:53,15,0,12
BRF:16
BRH:16
end_of_record
TN:
SF:src/data-layer/sales/use_cases/list_sales/index.ts
FN:4,ListSales
FN:9,list
FNF:2
FNH:2
FNDA:7,ListSales
FNDA:7,list
DA:1,1
DA:2,1
DA:3,1
DA:4,1
DA:5,7
DA:6,7
DA:7,7
DA:8,1
DA:9,1
DA:10,7
DA:11,7
DA:12,3
DA:13,3
DA:14,3
DA:15,3
DA:16,3
DA:17,3
DA:18,3
DA:19,7
DA:20,1
LF:20
LH:20
BRDA:4,0,0,7
BRDA:9,1,0,7
BRDA:9,2,0,7
BRDA:12,3,0,3
BRF:4
BRH:4
end_of_record
TN:
SF:src/global/functions/formatDatePtBr/index.ts
FN:11,formatDateAndHourPtBr
FNF:1
FNH:1
FNDA:14,formatDateAndHourPtBr
DA:1,1
DA:2,1
DA:3,1
DA:4,1
DA:5,1
DA:6,1
DA:7,1
DA:8,1
DA:9,1
DA:10,1
DA:11,1
DA:12,14
DA:13,14
DA:14,14
DA:15,14
DA:16,14
DA:17,14
DA:18,14
DA:19,14
DA:20,14
DA:21,14
DA:22,14
DA:23,14
DA:24,14
DA:25,14
DA:26,14
DA:27,14
DA:28,14
DA:29,1
DA:30,1
DA:31,14
LF:31
LH:31
BRDA:11,0,0,14
BRDA:28,1,0,1
BRF:2
BRH:2
end_of_record
TN:
SF:src/global/functions/formatFlag/index.tsx
FN:9,ImageFlag
FN:13,formatFlag
FNF:2
FNH:2
FNDA:12,ImageFlag
FNDA:12,formatFlag
DA:1,1
DA:2,1
DA:3,1
DA:4,1
DA:5,1
DA:6,1
DA:7,1
DA:8,1
DA:9,12
DA:10,12
DA:11,12
DA:12,1
DA:13,1
DA:14,12
DA:15,12
DA:16,12
DA:17,12
DA:18,2
DA:19,12
DA:20,9
DA:21,12
DA:22,1
DA:23,12
DA:24,12
LF:24
LH:24
BRDA:9,0,0,12
BRDA:13,1,0,12
BRDA:17,2,0,2
BRDA:19,3,0,9
BRDA:21,4,0,1
BRF:5
BRH:5
end_of_record
TN:
SF:src/global/functions/formatMoneyPtBr/index.ts
FN:1,formatMoneyPtBr
FNF:1
FNH:1
FNDA:45,formatMoneyPtBr
DA:1,1
DA:2,45
DA:3,45
LF:3
LH:3
BRDA:1,0,0,45
BRF:1
BRH:1
end_of_record
TN:
SF:src/global/functions/formatStatus/index.tsx
FN:10,Status
FN:28,formatStatus
FNF:2
FNH:2
FNDA:15,Status
FNDA:15,formatStatus
DA:1,1
DA:2,1
DA:3,1
DA:4,1
DA:5,1
DA:6,1
DA:7,1
DA:8,1
DA:9,1
DA:10,15
DA:11,15
DA:12,15
DA:13,15
DA:14,15
DA:15,15
DA:16,15
DA:17,15
DA:18,15
DA:19,15
DA:20,15
DA:21,15
DA:22,15
DA:23,15
DA:24,15
DA:25,15
DA:26,15
DA:27,1
DA:28,1
DA:29,15
DA:30,15
DA:31,15
DA:32,15
DA:33,15
DA:34,1
DA:35,1
DA:36,1
DA:37,1
DA:38,1
DA:39,1
DA:40,15
DA:41,15
DA:42,15
DA:43,1
DA:44,1
DA:45,1
DA:46,1
DA:47,1
DA:48,1
DA:49,15
DA:50,15
DA:51,15
DA:52,1
DA:53,1
DA:54,1
DA:55,1
DA:56,1
DA:57,1
DA:58,15
DA:59,15
DA:60,15
DA:61,1
DA:62,1
DA:63,1
DA:64,1
DA:65,1
DA:66,1
DA:67,15
DA:68,15
DA:69,15
DA:70,1
DA:71,1
DA:72,1
DA:73,1
DA:74,1
DA:75,1
DA:76,15
DA:77,15
DA:78,15
DA:79,10
DA:80,10
DA:81,10
DA:82,10
DA:83,10
DA:84,10
DA:85,15
DA:86,15
DA:87,15
LF:87
LH:87
BRDA:10,0,0,15
BRDA:28,1,0,15
BRDA:33,2,0,1
BRDA:42,3,0,1
BRDA:51,4,0,1
BRDA:60,5,0,1
BRDA:69,6,0,1
BRDA:78,7,0,10
BRF:8
BRH:8
end_of_record
TN:
SF:src/global/functions/getBrute/index.ts
FN:4,getBrute
FNF:1
FNH:1
FNDA:3,getBrute
DA:1,1
DA:2,1
DA:3,1
DA:4,1
DA:5,3
DA:6,3
DA:7,3
DA:8,3
LF:8
LH:8
BRDA:4,0,0,3
BRDA:5,1,0,2
BRF:2
BRH:2
end_of_record
TN:
SF:src/global/functions/getLiquid/index.ts
FN:4,getLiquid
FNF:1
FNH:1
FNDA:3,getLiquid
DA:1,1
DA:2,1
DA:3,1
DA:4,1
DA:5,3
DA:6,3
DA:7,3
DA:8,3
LF:8
LH:8
BRDA:4,0,0,3
BRDA:5,1,0,2
BRF:2
BRH:2
end_of_record
TN:
SF:src/global/functions/getQuantity/index.ts
FN:3,getQuantity
FNF:1
FNH:1
FNDA:3,getQuantity
DA:1,1
DA:2,1
DA:3,1
DA:4,3
DA:5,3
LF:5
LH:5
BRDA:3,0,0,3
BRF:1
BRH:1
end_of_record
TN:
SF:src/hook/useSales.ts
FN:6,useSales
FN:49,handleChangeOrderTable
FNF:2
FNH:1
FNDA:2,useSales
FNDA:0,handleChangeOrderTable
DA:1,1
DA:2,1
DA:3,1
DA:4,1
DA:5,1
DA:6,1
DA:7,2
DA:8,2
DA:9,2
DA:10,2
DA:11,2
DA:12,2
DA:13,2
DA:14,2
DA:15,2
DA:16,2
DA:17,2
DA:18,2
DA:19,2
DA:20,2
DA:21,2
DA:22,2
DA:23,2
DA:24,2
DA:25,2
DA:26,2
DA:27,2
DA:28,2
DA:29,2
DA:30,2
DA:31,2
DA:32,2
DA:33,2
DA:34,2
DA:35,2
DA:36,2
DA:37,2
DA:38,2
DA:39,2
DA:40,2
DA:41,2
DA:42,2
DA:43,2
DA:44,2
DA:45,2
DA:46,2
DA:47,2
DA:48,2
DA:49,2
DA:50,0
DA:51,0
DA:52,2
DA:53,2
DA:54,1
DA:55,1
DA:56,1
DA:57,1
DA:58,0
DA:59,1
DA:60,1
DA:61,0
DA:62,0
DA:63,1
DA:64,2
DA:65,2
DA:66,2
DA:67,2
DA:68,2
DA:69,2
DA:70,2
DA:71,2
DA:72,2
DA:73,2
LF:73
LH:68
BRDA:6,0,0,2
BRDA:53,1,0,1
BRDA:54,2,0,1
BRDA:58,3,0,0
BRDA:61,4,0,0
BRF:5
BRH:3
end_of_record
TN:
SF:src/mock/sales.ts
FNF:0
FNH:0
DA:1,1
DA:2,1
DA:3,1
DA:4,1
DA:5,1
DA:6,1
DA:7,1
DA:8,1
DA:9,1
DA:10,1
DA:11,1
DA:12,1
DA:13,1
DA:14,1
DA:15,1
DA:16,1
DA:17,1
DA:18,1
DA:19,1
DA:20,1
DA:21,1
DA:22,1
DA:23,1
DA:24,1
DA:25,1
DA:26,1
DA:27,1
DA:28,1
DA:29,1
DA:30,1
DA:31,1
DA:32,1
DA:33,1
DA:34,1
DA:35,1
DA:36,1
DA:37,1
DA:38,1
DA:39,1
DA:40,1
DA:41,1
DA:42,1
DA:43,1
DA:44,1
DA:45,1
DA:46,1
DA:47,1
DA:48,1
DA:49,1
DA:50,1
DA:51,1
DA:52,1
DA:53,1
DA:54,1
DA:55,1
DA:56,1
DA:57,1
DA:58,1
DA:59,1
DA:60,1
DA:61,1
DA:62,1
DA:63,1
DA:64,1
DA:65,1
DA:66,1
DA:67,1
DA:68,1
DA:69,1
DA:70,1
DA:71,1
DA:72,1
DA:73,1
DA:74,1
DA:75,1
DA:76,1
DA:77,1
DA:78,1
DA:79,1
DA:80,1
DA:81,1
DA:82,1
DA:83,1
DA:84,1
DA:85,1
DA:86,1
DA:87,1
DA:88,1
DA:89,1
DA:90,1
DA:91,1
DA:92,1
DA:93,1
DA:94,1
DA:95,1
DA:96,1
DA:97,1
DA:98,1
DA:99,1
DA:100,1
DA:101,1
DA:102,1
DA:103,1
DA:104,1
DA:105,1
DA:106,1
DA:107,1
DA:108,1
DA:109,1
DA:110,1
DA:111,1
DA:112,1
DA:113,1
DA:114,1
DA:115,1
DA:116,1
DA:117,1
DA:118,1
DA:119,1
DA:120,1
DA:121,1
DA:122,1
DA:123,1
DA:124,1
DA:125,1
DA:126,1
DA:127,1
DA:128,1
DA:129,1
DA:130,1
DA:131,1
DA:132,1
DA:133,1
DA:134,1
DA:135,1
DA:136,1
DA:137,1
DA:138,1
DA:139,1
LF:139
LH:139
BRF:0
BRH:0
end_of_record
TN:
SF:src/pages/Sales/index.tsx
FN:3,SalesPage
FNF:1
FNH:1
FNDA:1,SalesPage
DA:1,1
DA:2,1
DA:3,1
DA:4,1
DA:5,1
LF:5
LH:5
BRDA:3,0,0,1
BRF:1
BRH:1
end_of_record
TN:
SF:src/service/api.ts
FNF:0
FNH:0
DA:1,1
DA:2,1
DA:3,1
DA:4,1
DA:5,1
LF:5
LH:5
BRF:0
BRH:0
end_of_record
TN:
SF:src/templates/Sales/index.tsx
FN:11,SalesTemplate
FNF:1
FNH:1
FNDA:2,SalesTemplate
DA:1,1
DA:2,1
DA:3,1
DA:4,1
DA:5,1
DA:6,1
DA:7,1
DA:8,1
DA:9,1
DA:10,1
DA:11,1
DA:12,2
DA:13,2
DA:14,2
DA:15,2
DA:16,2
DA:17,2
DA:18,2
DA:19,2
DA:20,2
DA:21,2
DA:22,2
DA:23,2
DA:24,2
DA:25,2
DA:26,2
DA:27,2
DA:28,2
DA:29,2
DA:30,2
DA:31,2
DA:32,2
DA:33,2
DA:34,2
DA:35,2
DA:36,2
DA:37,2
DA:38,2
DA:39,2
DA:40,2
DA:41,2
DA:42,2
DA:43,2
DA:44,2
DA:45,2
DA:46,2
LF:46
LH:46
BRDA:11,0,0,2
BRF:1
BRH:1
end_of_record
